<?xml version="1.0" encoding="UTF-8"?>
<coverage generated="1692973504524" clover="3.2.0">
  <project timestamp="1692973504524" name="All files">
    <metrics statements="27" coveredstatements="27" conditionals="13" coveredconditionals="12" methods="9" coveredmethods="9" elements="49" coveredelements="48" complexity="0" loc="27" ncloc="27" packages="3" files="4" classes="4"/>
    <package name="adapters">
      <metrics statements="8" coveredstatements="8" conditionals="5" coveredconditionals="5" methods="2" coveredmethods="2"/>
      <file name="filterCurrencyType.adapter.ts" path="C:\Users\sebas\Desktop\proyectosParaElPortafolio\react-ch\src\adapters\filterCurrencyType.adapter.ts">
        <metrics statements="8" coveredstatements="8" conditionals="5" coveredconditionals="5" methods="2" coveredmethods="2"/>
        <line num="1" count="1" type="cond" truecount="2" falsecount="0"/>
        <line num="2" count="1" type="stmt"/>
        <line num="3" count="1" type="stmt"/>
        <line num="4" count="1" type="stmt"/>
        <line num="9" count="1" type="stmt"/>
        <line num="10" count="7" type="cond" truecount="1" falsecount="0"/>
        <line num="11" count="4" type="cond" truecount="1" falsecount="0"/>
        <line num="12" count="1" type="cond" truecount="1" falsecount="0"/>
      </file>
    </package>
    <package name="services">
      <metrics statements="8" coveredstatements="8" conditionals="1" coveredconditionals="0" methods="1" coveredmethods="1"/>
      <file name="getAccountInfo.services.ts" path="C:\Users\sebas\Desktop\proyectosParaElPortafolio\react-ch\src\services\getAccountInfo.services.ts">
        <metrics statements="8" coveredstatements="8" conditionals="1" coveredconditionals="0" methods="1" coveredmethods="1"/>
        <line num="3" count="1" type="stmt"/>
        <line num="4" count="2" type="stmt"/>
        <line num="6" count="2" type="stmt"/>
        <line num="7" count="1" type="cond" truecount="0" falsecount="1"/>
        <line num="8" count="1" type="stmt"/>
        <line num="9" count="1" type="stmt"/>
        <line num="14" count="1" type="stmt"/>
        <line num="15" count="1" type="stmt"/>
      </file>
    </package>
    <package name="utilities">
      <metrics statements="11" coveredstatements="11" conditionals="7" coveredconditionals="7" methods="6" coveredmethods="6"/>
      <file name="filterAccount.utilities.ts" path="C:\Users\sebas\Desktop\proyectosParaElPortafolio\react-ch\src\utilities\filterAccount.utilities.ts">
        <metrics statements="4" coveredstatements="4" conditionals="1" coveredconditionals="1" methods="2" coveredmethods="2"/>
        <line num="3" count="1" type="stmt"/>
        <line num="4" count="2" type="cond" truecount="1" falsecount="0"/>
        <line num="5" count="4" type="stmt"/>
        <line num="6" count="2" type="stmt"/>
      </file>
      <file name="filterByCurrencyType.utilities.ts" path="C:\Users\sebas\Desktop\proyectosParaElPortafolio\react-ch\src\utilities\filterByCurrencyType.utilities.ts">
        <metrics statements="7" coveredstatements="7" conditionals="6" coveredconditionals="6" methods="4" coveredmethods="4"/>
        <line num="2" count="1" type="cond" truecount="2" falsecount="0"/>
        <line num="3" count="1" type="stmt"/>
        <line num="4" count="1" type="stmt"/>
        <line num="7" count="3" type="cond" truecount="2" falsecount="0"/>
        <line num="9" count="1" type="stmt"/>
        <line num="10" count="2" type="cond" truecount="1" falsecount="0"/>
        <line num="11" count="1" type="cond" truecount="1" falsecount="0"/>
      </file>
    </package>
  </project>
</coverage>
