<?xml version="1.0" encoding="UTF-8"?>
<coverage generated="1693076922627" clover="3.2.0">
  <project timestamp="1693076922627" name="All files">
    <metrics statements="73" coveredstatements="67" conditionals="22" coveredconditionals="15" methods="18" coveredmethods="18" elements="113" coveredelements="100" complexity="0" loc="73" ncloc="73" packages="7" files="9" classes="9"/>
    <package name="adapters">
      <metrics statements="8" coveredstatements="8" conditionals="5" coveredconditionals="5" methods="2" coveredmethods="2"/>
      <file name="filterCurrencyType.adapter.ts" path="C:\Users\sebas\Desktop\proyectosParaElPortafolio\react-ch\src\adapters\filterCurrencyType.adapter.ts">
        <metrics statements="8" coveredstatements="8" conditionals="5" coveredconditionals="5" methods="2" coveredmethods="2"/>
        <line num="1" count="2" type="cond" truecount="2" falsecount="0"/>
        <line num="2" count="2" type="stmt"/>
        <line num="3" count="2" type="stmt"/>
        <line num="4" count="2" type="stmt"/>
        <line num="9" count="2" type="stmt"/>
        <line num="10" count="8" type="cond" truecount="1" falsecount="0"/>
        <line num="11" count="4" type="cond" truecount="1" falsecount="0"/>
        <line num="12" count="1" type="cond" truecount="1" falsecount="0"/>
      </file>
    </package>
    <package name="components.Button">
      <metrics statements="4" coveredstatements="4" conditionals="0" coveredconditionals="0" methods="1" coveredmethods="1"/>
      <file name="Button.tsx" path="C:\Users\sebas\Desktop\proyectosParaElPortafolio\react-ch\src\components\Button\Button.tsx">
        <metrics statements="4" coveredstatements="4" conditionals="0" coveredconditionals="0" methods="1" coveredmethods="1"/>
        <line num="1" count="1" type="stmt"/>
        <line num="8" count="1" type="stmt"/>
        <line num="9" count="1" type="stmt"/>
        <line num="16" count="1" type="stmt"/>
      </file>
    </package>
    <package name="components.Card">
      <metrics statements="6" coveredstatements="6" conditionals="0" coveredconditionals="0" methods="1" coveredmethods="1"/>
      <file name="Card.tsx" path="C:\Users\sebas\Desktop\proyectosParaElPortafolio\react-ch\src\components\Card\Card.tsx">
        <metrics statements="6" coveredstatements="6" conditionals="0" coveredconditionals="0" methods="1" coveredmethods="1"/>
        <line num="1" count="1" type="stmt"/>
        <line num="2" count="1" type="stmt"/>
        <line num="3" count="1" type="stmt"/>
        <line num="10" count="1" type="stmt"/>
        <line num="12" count="1" type="stmt"/>
        <line num="20" count="1" type="stmt"/>
      </file>
    </package>
    <package name="components.Header">
      <metrics statements="4" coveredstatements="4" conditionals="0" coveredconditionals="0" methods="1" coveredmethods="1"/>
      <file name="Header.tsx" path="C:\Users\sebas\Desktop\proyectosParaElPortafolio\react-ch\src\components\Header\Header.tsx">
        <metrics statements="4" coveredstatements="4" conditionals="0" coveredconditionals="0" methods="1" coveredmethods="1"/>
        <line num="1" count="1" type="stmt"/>
        <line num="3" count="1" type="stmt"/>
        <line num="4" count="1" type="stmt"/>
        <line num="11" count="1" type="stmt"/>
      </file>
    </package>
    <package name="hook">
      <metrics statements="32" coveredstatements="26" conditionals="9" coveredconditionals="3" methods="6" coveredmethods="6"/>
      <file name="useAccountInfo.tsx" path="C:\Users\sebas\Desktop\proyectosParaElPortafolio\react-ch\src\hook\useAccountInfo.tsx">
        <metrics statements="17" coveredstatements="13" conditionals="7" coveredconditionals="3" methods="3" coveredmethods="3"/>
        <line num="1" count="1" type="stmt"/>
        <line num="3" count="1" type="stmt"/>
        <line num="4" count="1" type="stmt"/>
        <line num="6" count="1" type="stmt"/>
        <line num="8" count="2" type="stmt"/>
        <line num="9" count="2" type="stmt"/>
        <line num="10" count="2" type="stmt"/>
        <line num="12" count="2" type="stmt"/>
        <line num="13" count="1" type="stmt"/>
        <line num="14" count="1" type="cond" truecount="3" falsecount="1"/>
        <line num="15" count="1" type="stmt"/>
        <line num="16" count="0" type="cond" truecount="0" falsecount="3"/>
        <line num="17" count="0" type="stmt"/>
        <line num="18" count="0" type="stmt"/>
        <line num="19" count="0" type="stmt"/>
        <line num="23" count="2" type="stmt"/>
        <line num="26" count="1" type="stmt"/>
      </file>
      <file name="usePagination.tsx" path="C:\Users\sebas\Desktop\proyectosParaElPortafolio\react-ch\src\hook\usePagination.tsx">
        <metrics statements="15" coveredstatements="13" conditionals="2" coveredconditionals="0" methods="3" coveredmethods="3"/>
        <line num="1" count="1" type="stmt"/>
        <line num="8" count="1" type="stmt"/>
        <line num="9" count="1" type="stmt"/>
        <line num="10" count="1" type="stmt"/>
        <line num="12" count="1" type="stmt"/>
        <line num="13" count="1" type="cond" truecount="0" falsecount="1"/>
        <line num="14" count="0" type="stmt"/>
        <line num="18" count="1" type="stmt"/>
        <line num="19" count="1" type="cond" truecount="0" falsecount="1"/>
        <line num="20" count="0" type="stmt"/>
        <line num="24" count="1" type="stmt"/>
        <line num="25" count="1" type="stmt"/>
        <line num="26" count="1" type="stmt"/>
        <line num="28" count="1" type="stmt"/>
        <line num="36" count="1" type="stmt"/>
      </file>
    </package>
    <package name="services">
      <metrics statements="8" coveredstatements="8" conditionals="1" coveredconditionals="0" methods="1" coveredmethods="1"/>
      <file name="getAccountInfo.services.ts" path="C:\Users\sebas\Desktop\proyectosParaElPortafolio\react-ch\src\services\getAccountInfo.services.ts">
        <metrics statements="8" coveredstatements="8" conditionals="1" coveredconditionals="0" methods="1" coveredmethods="1"/>
        <line num="3" count="1" type="stmt"/>
        <line num="4" count="2" type="stmt"/>
        <line num="6" count="2" type="stmt"/>
        <line num="7" count="1" type="cond" truecount="0" falsecount="1"/>
        <line num="8" count="1" type="stmt"/>
        <line num="9" count="1" type="stmt"/>
        <line num="14" count="1" type="stmt"/>
        <line num="15" count="1" type="stmt"/>
      </file>
    </package>
    <package name="utilities">
      <metrics statements="11" coveredstatements="11" conditionals="7" coveredconditionals="7" methods="6" coveredmethods="6"/>
      <file name="filterAccount.utilities.ts" path="C:\Users\sebas\Desktop\proyectosParaElPortafolio\react-ch\src\utilities\filterAccount.utilities.ts">
        <metrics statements="4" coveredstatements="4" conditionals="1" coveredconditionals="1" methods="2" coveredmethods="2"/>
        <line num="3" count="1" type="stmt"/>
        <line num="4" count="2" type="cond" truecount="1" falsecount="0"/>
        <line num="5" count="4" type="stmt"/>
        <line num="6" count="2" type="stmt"/>
      </file>
      <file name="filterByCurrencyType.utilities.ts" path="C:\Users\sebas\Desktop\proyectosParaElPortafolio\react-ch\src\utilities\filterByCurrencyType.utilities.ts">
        <metrics statements="7" coveredstatements="7" conditionals="6" coveredconditionals="6" methods="4" coveredmethods="4"/>
        <line num="2" count="1" type="cond" truecount="2" falsecount="0"/>
        <line num="3" count="1" type="stmt"/>
        <line num="4" count="1" type="stmt"/>
        <line num="7" count="3" type="cond" truecount="2" falsecount="0"/>
        <line num="9" count="1" type="stmt"/>
        <line num="10" count="2" type="cond" truecount="1" falsecount="0"/>
        <line num="11" count="1" type="cond" truecount="1" falsecount="0"/>
      </file>
    </package>
  </project>
</coverage>
