{"C:\\Users\\sebas\\Desktop\\proyectosParaElPortafolio\\react-ch\\src\\adapters\\filterCurrencyType.adapter.ts": {"path":"C:\\Users\\sebas\\Desktop\\proyectosParaElPortafolio\\react-ch\\src\\adapters\\filterCurrencyType.adapter.ts","statementMap":{"0":{"start":{"line":1,"column":0},"end":{"line":1,"column":null}},"1":{"start":{"line":2,"column":2},"end":{"line":2,"column":null}},"2":{"start":{"line":3,"column":2},"end":{"line":3,"column":null}},"3":{"start":{"line":4,"column":2},"end":{"line":4,"column":null}},"4":{"start":{"line":9,"column":34},"end":{"line":13,"column":1}},"5":{"start":{"line":10,"column":2},"end":{"line":10,"column":70}},"6":{"start":{"line":10,"column":44},"end":{"line":10,"column":70}},"7":{"start":{"line":11,"column":2},"end":{"line":11,"column":68}},"8":{"start":{"line":11,"column":44},"end":{"line":11,"column":68}},"9":{"start":{"line":12,"column":2},"end":{"line":12,"column":71}},"10":{"start":{"line":12,"column":45},"end":{"line":12,"column":71}},"11":{"start":{"line":9,"column":13},"end":{"line":9,"column":34}}},"fnMap":{"0":{"name":"(anonymous_0)","decl":{"start":{"line":1,"column":0},"end":{"line":1,"column":12}},"loc":{"start":{"line":1,"column":16},"end":{"line":7,"column":1}}},"1":{"name":"(anonymous_1)","decl":{"start":{"line":9,"column":34},"end":{"line":9,"column":35}},"loc":{"start":{"line":9,"column":58},"end":{"line":13,"column":1}}}},"branchMap":{"0":{"loc":{"start":{"line":1,"column":12},"end":{"line":1,"column":null}},"type":"binary-expr","locations":[{"start":{"line":1,"column":12},"end":{"line":1,"column":16}},{"start":{"line":1,"column":12},"end":{"line":1,"column":null}}]},"1":{"loc":{"start":{"line":10,"column":2},"end":{"line":10,"column":70}},"type":"if","locations":[{"start":{"line":10,"column":2},"end":{"line":10,"column":70}}]},"2":{"loc":{"start":{"line":11,"column":2},"end":{"line":11,"column":68}},"type":"if","locations":[{"start":{"line":11,"column":2},"end":{"line":11,"column":68}}]},"3":{"loc":{"start":{"line":12,"column":2},"end":{"line":12,"column":71}},"type":"if","locations":[{"start":{"line":12,"column":2},"end":{"line":12,"column":71}}]}},"s":{"0":2,"1":2,"2":2,"3":2,"4":2,"5":8,"6":4,"7":4,"8":3,"9":1,"10":1,"11":2},"f":{"0":2,"1":8},"b":{"0":[2,2],"1":[4],"2":[3],"3":[1]}}
,"C:\\Users\\sebas\\Desktop\\proyectosParaElPortafolio\\react-ch\\src\\components\\Button\\Button.tsx": {"path":"C:\\Users\\sebas\\Desktop\\proyectosParaElPortafolio\\react-ch\\src\\components\\Button\\Button.tsx","statementMap":{"0":{"start":{"line":1,"column":0},"end":{"line":1,"column":26}},"1":{"start":{"line":8,"column":15},"end":{"line":14,"column":1}},"2":{"start":{"line":9,"column":2},"end":{"line":13,"column":null}},"3":{"start":{"line":16,"column":0},"end":{"line":16,"column":null}}},"fnMap":{"0":{"name":"(anonymous_0)","decl":{"start":{"line":8,"column":15},"end":{"line":8,"column":16}},"loc":{"start":{"line":8,"column":44},"end":{"line":14,"column":1}}}},"branchMap":{},"s":{"0":1,"1":1,"2":1,"3":1},"f":{"0":1},"b":{}}
,"C:\\Users\\sebas\\Desktop\\proyectosParaElPortafolio\\react-ch\\src\\components\\Card\\Card.tsx": {"path":"C:\\Users\\sebas\\Desktop\\proyectosParaElPortafolio\\react-ch\\src\\components\\Card\\Card.tsx","statementMap":{"0":{"start":{"line":1,"column":0},"end":{"line":1,"column":40}},"1":{"start":{"line":2,"column":0},"end":{"line":2,"column":79}},"2":{"start":{"line":3,"column":0},"end":{"line":3,"column":20}},"3":{"start":{"line":10,"column":13},"end":{"line":18,"column":1}},"4":{"start":{"line":12,"column":2},"end":{"line":17,"column":null}},"5":{"start":{"line":20,"column":0},"end":{"line":20,"column":null}}},"fnMap":{"0":{"name":"(anonymous_0)","decl":{"start":{"line":10,"column":13},"end":{"line":10,"column":14}},"loc":{"start":{"line":10,"column":45},"end":{"line":18,"column":1}}}},"branchMap":{},"s":{"0":1,"1":1,"2":1,"3":1,"4":1,"5":1},"f":{"0":1},"b":{}}
,"C:\\Users\\sebas\\Desktop\\proyectosParaElPortafolio\\react-ch\\src\\components\\Header\\Header.tsx": {"path":"C:\\Users\\sebas\\Desktop\\proyectosParaElPortafolio\\react-ch\\src\\components\\Header\\Header.tsx","statementMap":{"0":{"start":{"line":1,"column":0},"end":{"line":1,"column":22}},"1":{"start":{"line":3,"column":15},"end":{"line":9,"column":1}},"2":{"start":{"line":4,"column":2},"end":{"line":8,"column":null}},"3":{"start":{"line":11,"column":0},"end":{"line":11,"column":null}}},"fnMap":{"0":{"name":"(anonymous_0)","decl":{"start":{"line":3,"column":15},"end":{"line":3,"column":18}},"loc":{"start":{"line":3,"column":20},"end":{"line":9,"column":1}}}},"branchMap":{},"s":{"0":1,"1":1,"2":1,"3":1},"f":{"0":1},"b":{}}
,"C:\\Users\\sebas\\Desktop\\proyectosParaElPortafolio\\react-ch\\src\\hook\\useAccountInfo.tsx": {"path":"C:\\Users\\sebas\\Desktop\\proyectosParaElPortafolio\\react-ch\\src\\hook\\useAccountInfo.tsx","statementMap":{"0":{"start":{"line":1,"column":0},"end":{"line":1,"column":44}},"1":{"start":{"line":3,"column":0},"end":{"line":3,"column":69}},"2":{"start":{"line":4,"column":0},"end":{"line":4,"column":83}},"3":{"start":{"line":6,"column":23},"end":{"line":24,"column":1}},"4":{"start":{"line":8,"column":32},"end":{"line":8,"column":44}},"5":{"start":{"line":9,"column":36},"end":{"line":9,"column":50}},"6":{"start":{"line":10,"column":26},"end":{"line":10,"column":53}},"7":{"start":{"line":12,"column":2},"end":{"line":22,"column":null}},"8":{"start":{"line":13,"column":4},"end":{"line":21,"column":7}},"9":{"start":{"line":14,"column":6},"end":{"line":20,"column":null}},"10":{"start":{"line":15,"column":8},"end":{"line":15,"column":60}},"11":{"start":{"line":16,"column":13},"end":{"line":20,"column":null}},"12":{"start":{"line":17,"column":8},"end":{"line":17,"column":39}},"13":{"start":{"line":18,"column":8},"end":{"line":18,"column":28}},"14":{"start":{"line":19,"column":8},"end":{"line":19,"column":20}},"15":{"start":{"line":23,"column":2},"end":{"line":23,"column":null}},"16":{"start":{"line":26,"column":0},"end":{"line":26,"column":null}}},"fnMap":{"0":{"name":"(anonymous_0)","decl":{"start":{"line":6,"column":23},"end":{"line":6,"column":26}},"loc":{"start":{"line":6,"column":28},"end":{"line":24,"column":1}}},"1":{"name":"(anonymous_1)","decl":{"start":{"line":12,"column":12},"end":{"line":12,"column":15}},"loc":{"start":{"line":12,"column":17},"end":{"line":22,"column":3}}},"2":{"name":"(anonymous_2)","decl":{"start":{"line":13,"column":26},"end":{"line":13,"column":33}},"loc":{"start":{"line":13,"column":36},"end":{"line":21,"column":5}}}},"branchMap":{"0":{"loc":{"start":{"line":14,"column":6},"end":{"line":20,"column":null}},"type":"if","locations":[{"start":{"line":14,"column":6},"end":{"line":20,"column":null}},{"start":{"line":16,"column":13},"end":{"line":20,"column":null}}]},"1":{"loc":{"start":{"line":14,"column":10},"end":{"line":14,"column":54}},"type":"binary-expr","locations":[{"start":{"line":14,"column":10},"end":{"line":14,"column":24}},{"start":{"line":14,"column":28},"end":{"line":14,"column":54}}]},"2":{"loc":{"start":{"line":16,"column":13},"end":{"line":20,"column":null}},"type":"if","locations":[{"start":{"line":16,"column":13},"end":{"line":20,"column":null}}]},"3":{"loc":{"start":{"line":16,"column":17},"end":{"line":16,"column":77}},"type":"binary-expr","locations":[{"start":{"line":16,"column":17},"end":{"line":16,"column":41}},{"start":{"line":16,"column":45},"end":{"line":16,"column":77}}]}},"s":{"0":1,"1":1,"2":1,"3":1,"4":2,"5":2,"6":2,"7":2,"8":1,"9":1,"10":1,"11":0,"12":0,"13":0,"14":0,"15":2,"16":1},"f":{"0":2,"1":1,"2":1},"b":{"0":[1,0],"1":[1,1],"2":[0],"3":[0,0]}}
,"C:\\Users\\sebas\\Desktop\\proyectosParaElPortafolio\\react-ch\\src\\hook\\usePagination.tsx": {"path":"C:\\Users\\sebas\\Desktop\\proyectosParaElPortafolio\\react-ch\\src\\hook\\usePagination.tsx","statementMap":{"0":{"start":{"line":1,"column":0},"end":{"line":1,"column":33}},"1":{"start":{"line":8,"column":22},"end":{"line":34,"column":1}},"2":{"start":{"line":9,"column":21},"end":{"line":9,"column":65}},"3":{"start":{"line":10,"column":40},"end":{"line":10,"column":51}},"4":{"start":{"line":12,"column":19},"end":{"line":16,"column":3}},"5":{"start":{"line":13,"column":4},"end":{"line":15,"column":null}},"6":{"start":{"line":14,"column":6},"end":{"line":14,"column":38}},"7":{"start":{"line":18,"column":19},"end":{"line":22,"column":3}},"8":{"start":{"line":19,"column":4},"end":{"line":21,"column":null}},"9":{"start":{"line":20,"column":6},"end":{"line":20,"column":38}},"10":{"start":{"line":24,"column":21},"end":{"line":24,"column":53}},"11":{"start":{"line":25,"column":19},"end":{"line":25,"column":44}},"12":{"start":{"line":26,"column":16},"end":{"line":26,"column":55}},"13":{"start":{"line":28,"column":2},"end":{"line":33,"column":4}},"14":{"start":{"line":36,"column":0},"end":{"line":36,"column":29}}},"fnMap":{"0":{"name":"(anonymous_0)","decl":{"start":{"line":8,"column":22},"end":{"line":8,"column":27}},"loc":{"start":{"line":8,"column":70},"end":{"line":34,"column":1}}},"1":{"name":"(anonymous_1)","decl":{"start":{"line":12,"column":19},"end":{"line":12,"column":22}},"loc":{"start":{"line":12,"column":24},"end":{"line":16,"column":3}}},"2":{"name":"(anonymous_2)","decl":{"start":{"line":18,"column":19},"end":{"line":18,"column":22}},"loc":{"start":{"line":18,"column":24},"end":{"line":22,"column":3}}}},"branchMap":{"0":{"loc":{"start":{"line":13,"column":4},"end":{"line":15,"column":null}},"type":"if","locations":[{"start":{"line":13,"column":4},"end":{"line":15,"column":null}}]},"1":{"loc":{"start":{"line":19,"column":4},"end":{"line":21,"column":null}},"type":"if","locations":[{"start":{"line":19,"column":4},"end":{"line":21,"column":null}}]}},"s":{"0":1,"1":1,"2":1,"3":1,"4":1,"5":1,"6":0,"7":1,"8":1,"9":0,"10":1,"11":1,"12":1,"13":1,"14":1},"f":{"0":1,"1":1,"2":1},"b":{"0":[0],"1":[0]}}
,"C:\\Users\\sebas\\Desktop\\proyectosParaElPortafolio\\react-ch\\src\\services\\getAccountInfo.services.ts": {"path":"C:\\Users\\sebas\\Desktop\\proyectosParaElPortafolio\\react-ch\\src\\services\\getAccountInfo.services.ts","statementMap":{"0":{"start":{"line":3,"column":30},"end":{"line":20,"column":1}},"1":{"start":{"line":4,"column":2},"end":{"line":19,"column":null}},"2":{"start":{"line":6,"column":21},"end":{"line":6,"column":78}},"3":{"start":{"line":7,"column":4},"end":{"line":7,"column":58}},"4":{"start":{"line":7,"column":22},"end":{"line":7,"column":58}},"5":{"start":{"line":8,"column":17},"end":{"line":8,"column":38}},"6":{"start":{"line":9,"column":4},"end":{"line":12,"column":null}},"7":{"start":{"line":14,"column":4},"end":{"line":14,"column":25}},"8":{"start":{"line":15,"column":4},"end":{"line":18,"column":null}},"9":{"start":{"line":3,"column":13},"end":{"line":3,"column":30}}},"fnMap":{"0":{"name":"(anonymous_0)","decl":{"start":{"line":3,"column":30},"end":{"line":3,"column":35}},"loc":{"start":{"line":3,"column":63},"end":{"line":20,"column":1}}}},"branchMap":{"0":{"loc":{"start":{"line":7,"column":4},"end":{"line":7,"column":58}},"type":"if","locations":[{"start":{"line":7,"column":4},"end":{"line":7,"column":58}}]}},"s":{"0":1,"1":2,"2":2,"3":1,"4":0,"5":1,"6":1,"7":1,"8":1,"9":1},"f":{"0":2},"b":{"0":[0]}}
,"C:\\Users\\sebas\\Desktop\\proyectosParaElPortafolio\\react-ch\\src\\utilities\\filterAccount.utilities.ts": {"path":"C:\\Users\\sebas\\Desktop\\proyectosParaElPortafolio\\react-ch\\src\\utilities\\filterAccount.utilities.ts","statementMap":{"0":{"start":{"line":3,"column":29},"end":{"line":8,"column":1}},"1":{"start":{"line":4,"column":2},"end":{"line":7,"column":null}},"2":{"start":{"line":5,"column":23},"end":{"line":5,"column":57}},"3":{"start":{"line":5,"column":43},"end":{"line":5,"column":56}},"4":{"start":{"line":6,"column":4},"end":{"line":6,"column":20}},"5":{"start":{"line":3,"column":13},"end":{"line":3,"column":29}}},"fnMap":{"0":{"name":"(anonymous_0)","decl":{"start":{"line":3,"column":29},"end":{"line":3,"column":30}},"loc":{"start":{"line":3,"column":76},"end":{"line":8,"column":1}}},"1":{"name":"(anonymous_1)","decl":{"start":{"line":5,"column":35},"end":{"line":5,"column":39}},"loc":{"start":{"line":5,"column":43},"end":{"line":5,"column":56}}}},"branchMap":{"0":{"loc":{"start":{"line":4,"column":2},"end":{"line":7,"column":null}},"type":"if","locations":[{"start":{"line":4,"column":2},"end":{"line":7,"column":null}}]}},"s":{"0":1,"1":2,"2":2,"3":4,"4":2,"5":1},"f":{"0":2,"1":4},"b":{"0":[2]}}
,"C:\\Users\\sebas\\Desktop\\proyectosParaElPortafolio\\react-ch\\src\\utilities\\filterByCurrencyType.utilities.ts": {"path":"C:\\Users\\sebas\\Desktop\\proyectosParaElPortafolio\\react-ch\\src\\utilities\\filterByCurrencyType.utilities.ts","statementMap":{"0":{"start":{"line":2,"column":0},"end":{"line":2,"column":null}},"1":{"start":{"line":3,"column":2},"end":{"line":3,"column":null}},"2":{"start":{"line":4,"column":2},"end":{"line":4,"column":null}},"3":{"start":{"line":7,"column":36},"end":{"line":7,"column":144}},"4":{"start":{"line":7,"column":61},"end":{"line":7,"column":144}},"5":{"start":{"line":7,"column":81},"end":{"line":7,"column":143}},"6":{"start":{"line":7,"column":13},"end":{"line":7,"column":36}},"7":{"start":{"line":9,"column":26},"end":{"line":12,"column":1}},"8":{"start":{"line":10,"column":2},"end":{"line":10,"column":45}},"9":{"start":{"line":10,"column":28},"end":{"line":10,"column":45}},"10":{"start":{"line":11,"column":2},"end":{"line":11,"column":45}},"11":{"start":{"line":11,"column":30},"end":{"line":11,"column":45}},"12":{"start":{"line":9,"column":13},"end":{"line":9,"column":26}}},"fnMap":{"0":{"name":"(anonymous_0)","decl":{"start":{"line":2,"column":0},"end":{"line":2,"column":12}},"loc":{"start":{"line":2,"column":20},"end":{"line":5,"column":1}}},"1":{"name":"(anonymous_1)","decl":{"start":{"line":7,"column":36},"end":{"line":7,"column":37}},"loc":{"start":{"line":7,"column":61},"end":{"line":7,"column":144}}},"2":{"name":"(anonymous_2)","decl":{"start":{"line":7,"column":73},"end":{"line":7,"column":77}},"loc":{"start":{"line":7,"column":81},"end":{"line":7,"column":143}}},"3":{"name":"(anonymous_3)","decl":{"start":{"line":9,"column":26},"end":{"line":9,"column":27}},"loc":{"start":{"line":9,"column":43},"end":{"line":12,"column":1}}}},"branchMap":{"0":{"loc":{"start":{"line":2,"column":12},"end":{"line":2,"column":null}},"type":"binary-expr","locations":[{"start":{"line":2,"column":12},"end":{"line":2,"column":20}},{"start":{"line":2,"column":12},"end":{"line":2,"column":null}}]},"1":{"loc":{"start":{"line":7,"column":81},"end":{"line":7,"column":143}},"type":"binary-expr","locations":[{"start":{"line":7,"column":81},"end":{"line":7,"column":109}},{"start":{"line":7,"column":113},"end":{"line":7,"column":143}}]},"2":{"loc":{"start":{"line":10,"column":2},"end":{"line":10,"column":45}},"type":"if","locations":[{"start":{"line":10,"column":2},"end":{"line":10,"column":45}}]},"3":{"loc":{"start":{"line":11,"column":2},"end":{"line":11,"column":45}},"type":"if","locations":[{"start":{"line":11,"column":2},"end":{"line":11,"column":45}}]}},"s":{"0":1,"1":1,"2":1,"3":1,"4":1,"5":3,"6":1,"7":1,"8":2,"9":1,"10":1,"11":1,"12":1},"f":{"0":1,"1":1,"2":3,"3":2},"b":{"0":[1,1],"1":[3,2],"2":[1],"3":[1]}}
}
