{"C:\\Users\\sebas\\Desktop\\proyectosParaElPortafolio\\react-ch\\src\\adapters\\filterCurrencyType.adapter.ts": {"path":"C:\\Users\\sebas\\Desktop\\proyectosParaElPortafolio\\react-ch\\src\\adapters\\filterCurrencyType.adapter.ts","statementMap":{"0":{"start":{"line":1,"column":0},"end":{"line":1,"column":null}},"1":{"start":{"line":2,"column":2},"end":{"line":2,"column":null}},"2":{"start":{"line":3,"column":2},"end":{"line":3,"column":null}},"3":{"start":{"line":4,"column":2},"end":{"line":4,"column":null}},"4":{"start":{"line":9,"column":34},"end":{"line":13,"column":1}},"5":{"start":{"line":10,"column":2},"end":{"line":10,"column":70}},"6":{"start":{"line":10,"column":44},"end":{"line":10,"column":70}},"7":{"start":{"line":11,"column":2},"end":{"line":11,"column":68}},"8":{"start":{"line":11,"column":44},"end":{"line":11,"column":68}},"9":{"start":{"line":12,"column":2},"end":{"line":12,"column":71}},"10":{"start":{"line":12,"column":45},"end":{"line":12,"column":71}},"11":{"start":{"line":9,"column":13},"end":{"line":9,"column":34}}},"fnMap":{"0":{"name":"(anonymous_0)","decl":{"start":{"line":1,"column":0},"end":{"line":1,"column":12}},"loc":{"start":{"line":1,"column":16},"end":{"line":7,"column":1}}},"1":{"name":"(anonymous_1)","decl":{"start":{"line":9,"column":34},"end":{"line":9,"column":35}},"loc":{"start":{"line":9,"column":58},"end":{"line":13,"column":1}}}},"branchMap":{"0":{"loc":{"start":{"line":1,"column":12},"end":{"line":1,"column":null}},"type":"binary-expr","locations":[{"start":{"line":1,"column":12},"end":{"line":1,"column":16}},{"start":{"line":1,"column":12},"end":{"line":1,"column":null}}]},"1":{"loc":{"start":{"line":10,"column":2},"end":{"line":10,"column":70}},"type":"if","locations":[{"start":{"line":10,"column":2},"end":{"line":10,"column":70}}]},"2":{"loc":{"start":{"line":11,"column":2},"end":{"line":11,"column":68}},"type":"if","locations":[{"start":{"line":11,"column":2},"end":{"line":11,"column":68}}]},"3":{"loc":{"start":{"line":12,"column":2},"end":{"line":12,"column":71}},"type":"if","locations":[{"start":{"line":12,"column":2},"end":{"line":12,"column":71}}]}},"s":{"0":1,"1":1,"2":1,"3":1,"4":1,"5":7,"6":3,"7":4,"8":3,"9":1,"10":1,"11":1},"f":{"0":1,"1":7},"b":{"0":[1,1],"1":[3],"2":[3],"3":[1]}}
,"C:\\Users\\sebas\\Desktop\\proyectosParaElPortafolio\\react-ch\\src\\services\\getAccountInfo.services.ts": {"path":"C:\\Users\\sebas\\Desktop\\proyectosParaElPortafolio\\react-ch\\src\\services\\getAccountInfo.services.ts","statementMap":{"0":{"start":{"line":3,"column":30},"end":{"line":20,"column":1}},"1":{"start":{"line":4,"column":2},"end":{"line":19,"column":null}},"2":{"start":{"line":6,"column":21},"end":{"line":6,"column":78}},"3":{"start":{"line":7,"column":4},"end":{"line":7,"column":58}},"4":{"start":{"line":7,"column":22},"end":{"line":7,"column":58}},"5":{"start":{"line":8,"column":17},"end":{"line":8,"column":38}},"6":{"start":{"line":9,"column":4},"end":{"line":12,"column":null}},"7":{"start":{"line":14,"column":4},"end":{"line":14,"column":25}},"8":{"start":{"line":15,"column":4},"end":{"line":18,"column":null}},"9":{"start":{"line":3,"column":13},"end":{"line":3,"column":30}}},"fnMap":{"0":{"name":"(anonymous_0)","decl":{"start":{"line":3,"column":30},"end":{"line":3,"column":35}},"loc":{"start":{"line":3,"column":63},"end":{"line":20,"column":1}}}},"branchMap":{"0":{"loc":{"start":{"line":7,"column":4},"end":{"line":7,"column":58}},"type":"if","locations":[{"start":{"line":7,"column":4},"end":{"line":7,"column":58}}]}},"s":{"0":1,"1":2,"2":2,"3":1,"4":0,"5":1,"6":1,"7":1,"8":1,"9":1},"f":{"0":2},"b":{"0":[0]}}
,"C:\\Users\\sebas\\Desktop\\proyectosParaElPortafolio\\react-ch\\src\\utilities\\filterAccount.utilities.ts": {"path":"C:\\Users\\sebas\\Desktop\\proyectosParaElPortafolio\\react-ch\\src\\utilities\\filterAccount.utilities.ts","statementMap":{"0":{"start":{"line":3,"column":29},"end":{"line":8,"column":1}},"1":{"start":{"line":4,"column":2},"end":{"line":7,"column":null}},"2":{"start":{"line":5,"column":23},"end":{"line":5,"column":57}},"3":{"start":{"line":5,"column":43},"end":{"line":5,"column":56}},"4":{"start":{"line":6,"column":4},"end":{"line":6,"column":20}},"5":{"start":{"line":3,"column":13},"end":{"line":3,"column":29}}},"fnMap":{"0":{"name":"(anonymous_0)","decl":{"start":{"line":3,"column":29},"end":{"line":3,"column":30}},"loc":{"start":{"line":3,"column":76},"end":{"line":8,"column":1}}},"1":{"name":"(anonymous_1)","decl":{"start":{"line":5,"column":35},"end":{"line":5,"column":39}},"loc":{"start":{"line":5,"column":43},"end":{"line":5,"column":56}}}},"branchMap":{"0":{"loc":{"start":{"line":4,"column":2},"end":{"line":7,"column":null}},"type":"if","locations":[{"start":{"line":4,"column":2},"end":{"line":7,"column":null}}]}},"s":{"0":1,"1":2,"2":2,"3":4,"4":2,"5":1},"f":{"0":2,"1":4},"b":{"0":[2]}}
,"C:\\Users\\sebas\\Desktop\\proyectosParaElPortafolio\\react-ch\\src\\utilities\\filterByCurrencyType.utilities.ts": {"path":"C:\\Users\\sebas\\Desktop\\proyectosParaElPortafolio\\react-ch\\src\\utilities\\filterByCurrencyType.utilities.ts","statementMap":{"0":{"start":{"line":2,"column":0},"end":{"line":2,"column":null}},"1":{"start":{"line":3,"column":2},"end":{"line":3,"column":null}},"2":{"start":{"line":4,"column":2},"end":{"line":4,"column":null}},"3":{"start":{"line":7,"column":36},"end":{"line":7,"column":144}},"4":{"start":{"line":7,"column":61},"end":{"line":7,"column":144}},"5":{"start":{"line":7,"column":81},"end":{"line":7,"column":143}},"6":{"start":{"line":7,"column":13},"end":{"line":7,"column":36}},"7":{"start":{"line":9,"column":26},"end":{"line":12,"column":1}},"8":{"start":{"line":10,"column":2},"end":{"line":10,"column":45}},"9":{"start":{"line":10,"column":28},"end":{"line":10,"column":45}},"10":{"start":{"line":11,"column":2},"end":{"line":11,"column":45}},"11":{"start":{"line":11,"column":30},"end":{"line":11,"column":45}},"12":{"start":{"line":9,"column":13},"end":{"line":9,"column":26}}},"fnMap":{"0":{"name":"(anonymous_0)","decl":{"start":{"line":2,"column":0},"end":{"line":2,"column":12}},"loc":{"start":{"line":2,"column":20},"end":{"line":5,"column":1}}},"1":{"name":"(anonymous_1)","decl":{"start":{"line":7,"column":36},"end":{"line":7,"column":37}},"loc":{"start":{"line":7,"column":61},"end":{"line":7,"column":144}}},"2":{"name":"(anonymous_2)","decl":{"start":{"line":7,"column":73},"end":{"line":7,"column":77}},"loc":{"start":{"line":7,"column":81},"end":{"line":7,"column":143}}},"3":{"name":"(anonymous_3)","decl":{"start":{"line":9,"column":26},"end":{"line":9,"column":27}},"loc":{"start":{"line":9,"column":43},"end":{"line":12,"column":1}}}},"branchMap":{"0":{"loc":{"start":{"line":2,"column":12},"end":{"line":2,"column":null}},"type":"binary-expr","locations":[{"start":{"line":2,"column":12},"end":{"line":2,"column":20}},{"start":{"line":2,"column":12},"end":{"line":2,"column":null}}]},"1":{"loc":{"start":{"line":7,"column":81},"end":{"line":7,"column":143}},"type":"binary-expr","locations":[{"start":{"line":7,"column":81},"end":{"line":7,"column":109}},{"start":{"line":7,"column":113},"end":{"line":7,"column":143}}]},"2":{"loc":{"start":{"line":10,"column":2},"end":{"line":10,"column":45}},"type":"if","locations":[{"start":{"line":10,"column":2},"end":{"line":10,"column":45}}]},"3":{"loc":{"start":{"line":11,"column":2},"end":{"line":11,"column":45}},"type":"if","locations":[{"start":{"line":11,"column":2},"end":{"line":11,"column":45}}]}},"s":{"0":1,"1":1,"2":1,"3":1,"4":1,"5":3,"6":1,"7":1,"8":2,"9":1,"10":1,"11":1,"12":1},"f":{"0":1,"1":1,"2":3,"3":2},"b":{"0":[1,1],"1":[3,2],"2":[1],"3":[1]}}
}
