TN:
SF:src\adapters\filterCurrencyType.adapter.ts
FN:1,(anonymous_0)
FN:9,(anonymous_1)
FNF:2
FNH:2
FNDA:2,(anonymous_0)
FNDA:8,(anonymous_1)
DA:1,2
DA:2,2
DA:3,2
DA:4,2
DA:9,2
DA:10,8
DA:11,4
DA:12,1
LF:8
LH:8
BRDA:1,0,0,2
BRDA:1,0,1,2
BRDA:10,1,0,4
BRDA:11,2,0,3
BRDA:12,3,0,1
BRF:5
BRH:5
end_of_record
TN:
SF:src\components\Button\Button.tsx
FN:8,(anonymous_0)
FNF:1
FNH:1
FNDA:1,(anonymous_0)
DA:1,1
DA:8,1
DA:9,1
DA:16,1
LF:4
LH:4
BRF:0
BRH:0
end_of_record
TN:
SF:src\components\Card\Card.tsx
FN:10,(anonymous_0)
FNF:1
FNH:1
FNDA:1,(anonymous_0)
DA:1,1
DA:2,1
DA:3,1
DA:10,1
DA:12,1
DA:20,1
LF:6
LH:6
BRF:0
BRH:0
end_of_record
TN:
SF:src\components\Header\Header.tsx
FN:3,(anonymous_0)
FNF:1
FNH:1
FNDA:1,(anonymous_0)
DA:1,1
DA:3,1
DA:4,1
DA:11,1
LF:4
LH:4
BRF:0
BRH:0
end_of_record
TN:
SF:src\hook\useAccountInfo.tsx
FN:6,(anonymous_0)
FN:12,(anonymous_1)
FN:13,(anonymous_2)
FNF:3
FNH:3
FNDA:2,(anonymous_0)
FNDA:1,(anonymous_1)
FNDA:1,(anonymous_2)
DA:1,1
DA:3,1
DA:4,1
DA:6,1
DA:8,2
DA:9,2
DA:10,2
DA:12,2
DA:13,1
DA:14,1
DA:15,1
DA:16,0
DA:17,0
DA:18,0
DA:19,0
DA:23,2
DA:26,1
LF:17
LH:13
BRDA:14,0,0,1
BRDA:14,0,1,0
BRDA:14,1,0,1
BRDA:14,1,1,1
BRDA:16,2,0,0
BRDA:16,3,0,0
BRDA:16,3,1,0
BRF:7
BRH:3
end_of_record
TN:
SF:src\hook\usePagination.tsx
FN:8,(anonymous_0)
FN:12,(anonymous_1)
FN:18,(anonymous_2)
FNF:3
FNH:3
FNDA:1,(anonymous_0)
FNDA:1,(anonymous_1)
FNDA:1,(anonymous_2)
DA:1,1
DA:8,1
DA:9,1
DA:10,1
DA:12,1
DA:13,1
DA:14,0
DA:18,1
DA:19,1
DA:20,0
DA:24,1
DA:25,1
DA:26,1
DA:28,1
DA:36,1
LF:15
LH:13
BRDA:13,0,0,0
BRDA:19,1,0,0
BRF:2
BRH:0
end_of_record
TN:
SF:src\services\getAccountInfo.services.ts
FN:3,(anonymous_0)
FNF:1
FNH:1
FNDA:2,(anonymous_0)
DA:3,1
DA:4,2
DA:6,2
DA:7,1
DA:8,1
DA:9,1
DA:14,1
DA:15,1
LF:8
LH:8
BRDA:7,0,0,0
BRF:1
BRH:0
end_of_record
TN:
SF:src\utilities\filterAccount.utilities.ts
FN:3,(anonymous_0)
FN:5,(anonymous_1)
FNF:2
FNH:2
FNDA:2,(anonymous_0)
FNDA:4,(anonymous_1)
DA:3,1
DA:4,2
DA:5,4
DA:6,2
LF:4
LH:4
BRDA:4,0,0,2
BRF:1
BRH:1
end_of_record
TN:
SF:src\utilities\filterByCurrencyType.utilities.ts
FN:2,(anonymous_0)
FN:7,(anonymous_1)
FN:7,(anonymous_2)
FN:9,(anonymous_3)
FNF:4
FNH:4
FNDA:1,(anonymous_0)
FNDA:1,(anonymous_1)
FNDA:3,(anonymous_2)
FNDA:2,(anonymous_3)
DA:2,1
DA:3,1
DA:4,1
DA:7,3
DA:9,1
DA:10,2
DA:11,1
LF:7
LH:7
BRDA:2,0,0,1
BRDA:2,0,1,1
BRDA:7,1,0,3
BRDA:7,1,1,2
BRDA:10,2,0,1
BRDA:11,3,0,1
BRF:6
BRH:6
end_of_record
